{
  "stats": {
    "suites": 1,
    "tests": 1,
    "passes": 0,
    "pending": 0,
    "failures": 1,
    "start": "2022-02-03T05:05:01.004Z",
    "end": "2022-02-03T05:05:01.463Z",
    "duration": 357,
    "testsRegistered": 1,
    "passPercent": 0,
    "pendingPercent": 0,
    "other": 0,
    "hasOther": false,
    "skipped": 0,
    "hasSkipped": false
  },
  "results": [
    {
      "uuid": "c0645226-0d97-40a7-8bd4-d246ecd25178",
      "title": "",
      "fullFile": "cypress/integration/specs/Google-search.spec.js",
      "file": "cypress/integration/specs/Google-search.spec.js",
      "beforeHooks": [],
      "afterHooks": [],
      "tests": [
        {
          "title": "An uncaught error was detected outside of a test",
          "fullTitle": "An uncaught error was detected outside of a test",
          "timedOut": null,
          "duration": 357,
          "state": "failed",
          "speed": null,
          "pass": false,
          "fail": true,
          "pending": false,
          "context": null,
          "code": "throw err;",
          "err": {
            "message": "TypeError: The following error originated from your test code, not from Cypress.\n\n  > fs.rmdirSync is not a function\n\nWhen Cypress detects uncaught errors originating from your test code it will automatically fail the current test.\n\nCypress could not associate this error to any specific test.\n\nWe dynamically generated a new test to display this failure.",
            "estack": "TypeError: The following error originated from your test code, not from Cypress.\n\n  > fs.rmdirSync is not a function\n\nWhen Cypress detects uncaught errors originating from your test code it will automatically fail the current test.\n\nCypress could not associate this error to any specific test.\n\nWe dynamically generated a new test to display this failure.\n    at Object../cypress/integration/specs/Google-search.spec.js (http://localhost:56588/__cypress/tests?p=cypress\\integration\\specs\\Google-search.spec.js:114:4)\n    at __webpack_require__ (http://localhost:56588/__cypress/tests?p=cypress\\integration\\specs\\Google-search.spec.js:20:30)\n    at Object.0 (http://localhost:56588/__cypress/tests?p=cypress\\integration\\specs\\Google-search.spec.js:134:18)\n    at __webpack_require__ (http://localhost:56588/__cypress/tests?p=cypress\\integration\\specs\\Google-search.spec.js:20:30)\n    at eval (http://localhost:56588/__cypress/tests?p=cypress\\integration\\specs\\Google-search.spec.js:84:18)\n    at eval (http://localhost:56588/__cypress/tests?p=cypress\\integration\\specs\\Google-search.spec.js:87:10)\n    at eval (<anonymous>)",
            "diff": null
          },
          "uuid": "dd43ddac-2c15-410e-8fa9-793a51418773",
          "parentUUID": "c0645226-0d97-40a7-8bd4-d246ecd25178",
          "isHook": false,
          "skipped": false
        }
      ],
      "suites": [],
      "passes": [],
      "failures": [
        "dd43ddac-2c15-410e-8fa9-793a51418773"
      ],
      "pending": [],
      "skipped": [],
      "duration": 357,
      "root": true,
      "rootEmpty": false,
      "_timeout": 2000
    }
  ],
  "meta": {
    "mocha": {
      "version": "7.0.1"
    },
    "mochawesome": {
      "options": {
        "quiet": false,
        "reportFilename": "mochawesome",
        "saveHtml": false,
        "saveJson": true,
        "consoleReporter": "spec",
        "useInlineDiffs": false,
        "code": true
      },
      "version": "7.0.1"
    },
    "marge": {
      "options": {
        "charts": true,
        "overwrite": false,
        "html": false,
        "json": true,
        "reportDir": "cypress/report/mochawesome-report"
      },
      "version": "6.0.1"
    }
  }
}