{
  "stats": {
    "suites": 1,
    "tests": 1,
    "passes": 0,
    "pending": 0,
    "failures": 1,
    "start": "2022-06-26T14:48:48.639Z",
    "end": "2022-06-26T14:49:06.234Z",
    "duration": 17595,
    "testsRegistered": 1,
    "passPercent": 0,
    "pendingPercent": 0,
    "other": 0,
    "hasOther": false,
    "skipped": 0,
    "hasSkipped": false
  },
  "results": [
    {
      "uuid": "4fbbcd7c-b513-42b2-835a-12b6ab5ac12d",
      "title": "",
      "fullFile": "cypress/integration/specs/weightWatcher.spec.js",
      "file": "cypress/integration/specs/weightWatcher.spec.js",
      "beforeHooks": [],
      "afterHooks": [],
      "tests": [],
      "suites": [
        {
          "uuid": "28f1abcb-01fe-4144-8731-b5cac1ee48d1",
          "title": "e2e test on weightWatcher",
          "fullFile": "",
          "file": "",
          "beforeHooks": [],
          "afterHooks": [],
          "tests": [
            {
              "title": "navigate to weight watcher,send zip code, capture name",
              "fullTitle": "e2e test on weightWatcher navigate to weight watcher,send zip code, capture name",
              "timedOut": null,
              "duration": 14734,
              "state": "failed",
              "speed": null,
              "pass": false,
              "fail": true,
              "pending": false,
              "context": null,
              "code": "cy.visit('https://www.weightwatchers.com');\ncy.viewport(1080, 720);\ncy.xpath('//*[text()=\"Find a Workshop\"]', {\n  timeout: 4000\n}).type(\"{enter}\");\ncy.xpath('//*[text()=\"Virtual\"]', {\n  timeout: 4000\n}).type(\"{enter}\"); // cy.xpath(' //*[@id=\"coach-search\"]', { timeout: 4000 }).type(\"{enter}\");\n// cy.xpath(' //*[@id=\"coach-search\"]', { timeout: 4000 }).type(\"11417\");\n// cy.xpath(' //*[@class=\"filterIcon-3C9D4\"]', { timeout: 4000 }).type(\"{enter}\");\n// cy.xpath('//div[@id=\"result-stats\"]').then(($searchResult) => {\n//   const textResult = $searchResult.text();\n//   cy.log(textResult);\n//   cy.addContext(textResult);\n// })//end of then",
              "err": {
                "message": "CypressError: `cy.type()` can only be called on a single element. Your subject contained 2 elements.\n\nhttps://on.cypress.io/type",
                "estack": "CypressError: `cy.type()` can only be called on a single element. Your subject contained 2 elements.\n\nhttps://on.cypress.io/type\n    at Context.type (https://www.weightwatchers.com/__cypress/runner/cypress_runner.js:158836:76)\n    at Context.<anonymous> (https://www.weightwatchers.com/__cypress/runner/cypress_runner.js:178437:19)\nFrom Your Spec Code:\n    at Context.eval (https://www.weightwatchers.com/__cypress/tests?p=cypress/integration/specs/weightWatcher.spec.js:106:8)",
                "diff": null
              },
              "uuid": "5a4d7746-ab9b-421b-b8cf-aabf6e54e7b0",
              "parentUUID": "28f1abcb-01fe-4144-8731-b5cac1ee48d1",
              "isHook": false,
              "skipped": false
            }
          ],
          "suites": [],
          "passes": [],
          "failures": [
            "5a4d7746-ab9b-421b-b8cf-aabf6e54e7b0"
          ],
          "pending": [],
          "skipped": [],
          "duration": 14734,
          "root": false,
          "rootEmpty": false,
          "_timeout": 2000
        }
      ],
      "passes": [],
      "failures": [],
      "pending": [],
      "skipped": [],
      "duration": 0,
      "root": true,
      "rootEmpty": true,
      "_timeout": 2000
    }
  ],
  "meta": {
    "mocha": {
      "version": "7.0.1"
    },
    "mochawesome": {
      "options": {
        "quiet": false,
        "reportFilename": "mochawesome",
        "saveHtml": true,
        "saveJson": true,
        "consoleReporter": "spec",
        "useInlineDiffs": false,
        "code": true
      },
      "version": "7.0.1"
    },
    "marge": {
      "options": {
        "charts": true,
        "overwrite": false,
        "html": true,
        "json": true,
        "reportDir": "cypress/report/mochawesome-report",
        "embeddedScreenshots": true,
        "inlineAssets": true,
        "pageLoadTimeout": 12000,
        "trashAssetsBeforeRuns": true,
        "defaultCommandTimeout": 20000
      },
      "version": "6.0.1"
    }
  }
}