{
  "stats": {
    "suites": 1,
    "tests": 1,
    "passes": 0,
    "pending": 0,
    "failures": 1,
    "start": "2022-06-26T14:41:07.324Z",
    "end": "2022-06-26T14:41:23.612Z",
    "duration": 16288,
    "testsRegistered": 1,
    "passPercent": 0,
    "pendingPercent": 0,
    "other": 0,
    "hasOther": false,
    "skipped": 0,
    "hasSkipped": false
  },
  "results": [
    {
      "uuid": "8fae4728-a343-4bee-b105-c2f34e4e503d",
      "title": "",
      "fullFile": "cypress/integration/specs/weightWatcher.spec.js",
      "file": "cypress/integration/specs/weightWatcher.spec.js",
      "beforeHooks": [],
      "afterHooks": [],
      "tests": [],
      "suites": [
        {
          "uuid": "a3f43b83-a46c-45f8-b9a3-94ee8307b496",
          "title": "e2e test on weightWatcher",
          "fullFile": "",
          "file": "",
          "beforeHooks": [],
          "afterHooks": [],
          "tests": [
            {
              "title": "navigate to weight watcher,send zip code, capture name",
              "fullTitle": "e2e test on weightWatcher navigate to weight watcher,send zip code, capture name",
              "timedOut": null,
              "duration": 13708,
              "state": "failed",
              "speed": null,
              "pass": false,
              "fail": true,
              "pending": false,
              "context": null,
              "code": "// let car = [];\n//   car.push('BMW');\n//   car.push('Tesla');\n//   for (let i = 0; i < car.length; i++){\ncy.visit('https://www.weightwatchers.com');\ncy.xpath('//*[text()=\"Find a Workshop\"]', {\n  timeout: 4000\n}).type(\"{enter}\");\ncy.xpath(' //*[text()=\"Virtual\"]', {\n  timeout: 4000\n}).type(\"{enter}\");\ncy.xpath(' //*[@id=\"coach-search\"]', {\n  timeout: 4000\n}).type(\"{enter}\");\ncy.xpath(' //*[@id=\"coach-search\"]', {\n  timeout: 4000\n}).type(\"11417\");\ncy.xpath(' //*[@class=\"filterIcon-3C9D4\"]', {\n  timeout: 4000\n}).type(\"{enter}\"); // cy.xpath('//div[@id=\"result-stats\"]').then(($searchResult) => {\n//   const textResult = $searchResult.text();\n//   cy.log(textResult);\n//   cy.addContext(textResult);\n// })//end of then\n//  }// end of loop",
              "err": {
                "message": "CypressError: `cy.type()` can only be called on a single element. Your subject contained 2 elements.\n\nhttps://on.cypress.io/type",
                "estack": "CypressError: `cy.type()` can only be called on a single element. Your subject contained 2 elements.\n\nhttps://on.cypress.io/type\n    at Context.type (https://www.weightwatchers.com/__cypress/runner/cypress_runner.js:158836:76)\n    at Context.<anonymous> (https://www.weightwatchers.com/__cypress/runner/cypress_runner.js:178437:19)\nFrom Your Spec Code:\n    at Context.eval (https://www.weightwatchers.com/__cypress/tests?p=cypress/integration/specs/weightWatcher.spec.js:109:8)",
                "diff": null
              },
              "uuid": "a989cf00-c9b2-4ee3-8cb1-96a5214ba479",
              "parentUUID": "a3f43b83-a46c-45f8-b9a3-94ee8307b496",
              "isHook": false,
              "skipped": false
            }
          ],
          "suites": [],
          "passes": [],
          "failures": [
            "a989cf00-c9b2-4ee3-8cb1-96a5214ba479"
          ],
          "pending": [],
          "skipped": [],
          "duration": 13708,
          "root": false,
          "rootEmpty": false,
          "_timeout": 2000
        }
      ],
      "passes": [],
      "failures": [],
      "pending": [],
      "skipped": [],
      "duration": 0,
      "root": true,
      "rootEmpty": true,
      "_timeout": 2000
    }
  ],
  "meta": {
    "mocha": {
      "version": "7.0.1"
    },
    "mochawesome": {
      "options": {
        "quiet": false,
        "reportFilename": "mochawesome",
        "saveHtml": true,
        "saveJson": true,
        "consoleReporter": "spec",
        "useInlineDiffs": false,
        "code": true
      },
      "version": "7.0.1"
    },
    "marge": {
      "options": {
        "charts": true,
        "overwrite": false,
        "html": true,
        "json": true,
        "reportDir": "cypress/report/mochawesome-report",
        "embeddedScreenshots": true,
        "inlineAssets": true,
        "pageLoadTimeout": 12000,
        "trashAssetsBeforeRuns": true,
        "defaultCommandTimeout": 20000
      },
      "version": "6.0.1"
    }
  }
}