{
  "stats": {
    "suites": 1,
    "tests": 1,
    "passes": 0,
    "pending": 0,
    "failures": 1,
    "start": "2022-06-26T15:02:20.145Z",
    "end": "2022-06-26T15:02:37.991Z",
    "duration": 17846,
    "testsRegistered": 1,
    "passPercent": 0,
    "pendingPercent": 0,
    "other": 0,
    "hasOther": false,
    "skipped": 0,
    "hasSkipped": false
  },
  "results": [
    {
      "uuid": "c08da281-c123-4c75-85a1-bb5f08c3f823",
      "title": "",
      "fullFile": "cypress/integration/specs/weightWatcher.spec.js",
      "file": "cypress/integration/specs/weightWatcher.spec.js",
      "beforeHooks": [],
      "afterHooks": [],
      "tests": [],
      "suites": [
        {
          "uuid": "6a252237-972c-4636-b6b5-d766b84e5c55",
          "title": "e2e test on weightWatcher",
          "fullFile": "",
          "file": "",
          "beforeHooks": [],
          "afterHooks": [],
          "tests": [
            {
              "title": "navigate to weight watcher,send zip code, capture name",
              "fullTitle": "e2e test on weightWatcher navigate to weight watcher,send zip code, capture name",
              "timedOut": null,
              "duration": 14898,
              "state": "failed",
              "speed": null,
              "pass": false,
              "fail": true,
              "pending": false,
              "context": null,
              "code": "cy.visit('https://www.weightwatchers.com');\ncy.viewport(1080, 720);\ncy.xpath('//*[text()=\"Find a Workshop\"]', {\n  timeout: 4000\n}).click({\n  force: true\n});\ncy.xpath('//*[text()=\"Virtual\"]', {\n  timeout: 4000\n}).type(\"{enter}\");\ncy.xpath(' //*[@id=\"coach-search\"]', {\n  timeout: 4000\n}).type(\"{enter}\");\ncy.xpath(' //*[@id=\"coach-search\"]', {\n  timeout: 4000\n}).type(\"11417\");\ncy.xpath(' //*[@class=\"filterIcon-3C9D4\"]', {\n  timeout: 4000\n}).type(\"{enter}\"); // cy.xpath('//div[@id=\"result-stats\"]').then(($searchResult) => {\n//   const textResult = $searchResult.text();\n//   cy.log(textResult);\n//   cy.addContext(textResult);\n// })//end of then",
              "err": {
                "message": "CypressError: `cy.click()` can only be called on a single element. Your subject contained 2 elements. Pass `{ multiple: true }` if you want to serially click each element.\n\nhttps://on.cypress.io/click",
                "estack": "CypressError: `cy.click()` can only be called on a single element. Your subject contained 2 elements. Pass `{ multiple: true }` if you want to serially click each element.\n\nhttps://on.cypress.io/click\n    at mouseAction (https://www.weightwatchers.com/__cypress/runner/cypress_runner.js:156686:76)\n    at Context.click (https://www.weightwatchers.com/__cypress/runner/cypress_runner.js:156865:14)\n    at Context.<anonymous> (https://www.weightwatchers.com/__cypress/runner/cypress_runner.js:178437:19)\nFrom Your Spec Code:\n    at Context.eval (https://www.weightwatchers.com/__cypress/tests?p=cypress/integration/specs/weightWatcher.spec.js:106:8)",
                "diff": null
              },
              "uuid": "a6e41bb3-835a-4e65-b3ef-0beff33c4424",
              "parentUUID": "6a252237-972c-4636-b6b5-d766b84e5c55",
              "isHook": false,
              "skipped": false
            }
          ],
          "suites": [],
          "passes": [],
          "failures": [
            "a6e41bb3-835a-4e65-b3ef-0beff33c4424"
          ],
          "pending": [],
          "skipped": [],
          "duration": 14898,
          "root": false,
          "rootEmpty": false,
          "_timeout": 2000
        }
      ],
      "passes": [],
      "failures": [],
      "pending": [],
      "skipped": [],
      "duration": 0,
      "root": true,
      "rootEmpty": true,
      "_timeout": 2000
    }
  ],
  "meta": {
    "mocha": {
      "version": "7.0.1"
    },
    "mochawesome": {
      "options": {
        "quiet": false,
        "reportFilename": "mochawesome",
        "saveHtml": true,
        "saveJson": true,
        "consoleReporter": "spec",
        "useInlineDiffs": false,
        "code": true
      },
      "version": "7.0.1"
    },
    "marge": {
      "options": {
        "charts": true,
        "overwrite": false,
        "html": true,
        "json": true,
        "reportDir": "cypress/report/mochawesome-report",
        "embeddedScreenshots": true,
        "inlineAssets": true,
        "pageLoadTimeout": 12000,
        "trashAssetsBeforeRuns": true,
        "defaultCommandTimeout": 20000
      },
      "version": "6.0.1"
    }
  }
}