{
  "stats": {
    "suites": 1,
    "tests": 1,
    "passes": 1,
    "pending": 0,
    "failures": 0,
    "start": "2022-06-25T17:36:00.545Z",
    "end": "2022-06-25T17:36:15.375Z",
    "duration": 14830,
    "testsRegistered": 1,
    "passPercent": 100,
    "pendingPercent": 0,
    "other": 0,
    "hasOther": false,
    "skipped": 0,
    "hasSkipped": false
  },
  "results": [
    {
      "uuid": "0d7bd0a9-b6c3-42cc-8e66-cd8faaefe1b5",
      "title": "",
      "fullFile": "cypress/integration/specs/practice.js",
      "file": "cypress/integration/specs/practice.js",
      "beforeHooks": [],
      "afterHooks": [],
      "tests": [],
      "suites": [
        {
          "uuid": "a50d7683-d6e4-4653-bb04-47919f022397",
          "title": "practice",
          "fullFile": "",
          "file": "",
          "beforeHooks": [],
          "afterHooks": [],
          "tests": [
            {
              "title": "navigate to google",
              "fullTitle": "practice navigate to google",
              "timedOut": null,
              "duration": 12152,
              "state": "passed",
              "speed": "slow",
              "pass": true,
              "fail": false,
              "pending": false,
              "context": "\"About 5,710,000,000 results (0.81 seconds) \"",
              "code": "// ArrayList < String > car = new ArrayList <> ();\n// let car = [];\n// car.push('BMW');\n// car.push('Tesla');\n// for (let i = 0; i < car.length; i++){\ncy.visit('https://www.google.com');\ncy.xpath('//*[@name=\"q\"]', {\n  timeout: 4000\n}).type(\"hello\");\ncy.xpath('//*[@name=\"q\"]', {\n  timeout: 4000\n}).type(\"{enter}\");\ncy.xpath('//div[@id=\"result-stats\"]').then($searchResult => {\n  const textResult = $searchResult.text();\n  cy.log(textResult);\n  cy.addContext(textResult);\n}); //end of then\n// }// end of loop",
              "err": {},
              "uuid": "4b0175a3-b3ca-44f1-97bd-e0cdd7a2096e",
              "parentUUID": "a50d7683-d6e4-4653-bb04-47919f022397",
              "isHook": false,
              "skipped": false
            }
          ],
          "suites": [],
          "passes": [
            "4b0175a3-b3ca-44f1-97bd-e0cdd7a2096e"
          ],
          "failures": [],
          "pending": [],
          "skipped": [],
          "duration": 12152,
          "root": false,
          "rootEmpty": false,
          "_timeout": 2000
        }
      ],
      "passes": [],
      "failures": [],
      "pending": [],
      "skipped": [],
      "duration": 0,
      "root": true,
      "rootEmpty": true,
      "_timeout": 2000
    }
  ],
  "meta": {
    "mocha": {
      "version": "7.0.1"
    },
    "mochawesome": {
      "options": {
        "quiet": false,
        "reportFilename": "mochawesome",
        "saveHtml": true,
        "saveJson": true,
        "consoleReporter": "spec",
        "useInlineDiffs": false,
        "code": true
      },
      "version": "7.0.1"
    },
    "marge": {
      "options": {
        "charts": true,
        "overwrite": false,
        "html": true,
        "json": true,
        "reportDir": "cypress/report/mochawesome-report",
        "embeddedScreenshots": true,
        "inlineAssets": true,
        "pageLoadTimeout": 12000,
        "trashAssetsBeforeRuns": true,
        "defaultCommandTimeout": 20000
      },
      "version": "6.0.1"
    }
  }
}