{
  "stats": {
    "suites": 1,
    "tests": 1,
    "passes": 0,
    "pending": 0,
    "failures": 1,
    "start": "2022-06-26T14:58:36.661Z",
    "end": "2022-06-26T14:58:56.395Z",
    "duration": 19734,
    "testsRegistered": 1,
    "passPercent": 0,
    "pendingPercent": 0,
    "other": 0,
    "hasOther": false,
    "skipped": 0,
    "hasSkipped": false
  },
  "results": [
    {
      "uuid": "a93d2942-a838-4138-ac3e-5aa0461343e7",
      "title": "",
      "fullFile": "cypress/integration/specs/weightWatcher.spec.js",
      "file": "cypress/integration/specs/weightWatcher.spec.js",
      "beforeHooks": [],
      "afterHooks": [],
      "tests": [],
      "suites": [
        {
          "uuid": "9bcc8f25-e327-4952-b04c-c5c912e30e96",
          "title": "e2e test on weightWatcher",
          "fullFile": "",
          "file": "",
          "beforeHooks": [],
          "afterHooks": [],
          "tests": [
            {
              "title": "navigate to weight watcher,send zip code, capture name",
              "fullTitle": "e2e test on weightWatcher navigate to weight watcher,send zip code, capture name",
              "timedOut": null,
              "duration": 17246,
              "state": "failed",
              "speed": null,
              "pass": false,
              "fail": true,
              "pending": false,
              "context": null,
              "code": "cy.visit('https://www.weightwatchers.com');\ncy.viewport(1080, 720);\ncy.xpath('//*[text()=\"Find a Workshop\"]', {\n  timeout: 4000\n}).type(\"{enter}\");\ncy.xpath('//*[text()=\"Virtual\"]', {\n  timeout: 4000\n}).type(\"{enter}\");\ncy.xpath(' //*[@id=\"coach-search\"]', {\n  timeout: 4000\n}).type(\"{enter}\");\ncy.xpath(' //*[@id=\"coach-search\"]', {\n  timeout: 4000\n}).type(\"11417\");\ncy.xpath(' //*[@class=\"filterIcon-3C9D4\"]', {\n  timeout: 4000\n}).type(\"{enter}\"); // cy.xpath('//div[@id=\"result-stats\"]').then(($searchResult) => {\n//   const textResult = $searchResult.text();\n//   cy.log(textResult);\n//   cy.addContext(textResult);\n// })//end of then",
              "err": {
                "message": "CypressError: `cy.type()` can only be called on a single element. Your subject contained 2 elements.\n\nhttps://on.cypress.io/type",
                "estack": "CypressError: `cy.type()` can only be called on a single element. Your subject contained 2 elements.\n\nhttps://on.cypress.io/type\n    at Context.type (https://www.weightwatchers.com/__cypress/runner/cypress_runner.js:158836:76)\n    at Context.<anonymous> (https://www.weightwatchers.com/__cypress/runner/cypress_runner.js:178437:19)\nFrom Your Spec Code:\n    at Context.eval (https://www.weightwatchers.com/__cypress/tests?p=cypress/integration/specs/weightWatcher.spec.js:106:8)",
                "diff": null
              },
              "uuid": "98e2d640-85b7-41d8-b3f2-699107cce2fd",
              "parentUUID": "9bcc8f25-e327-4952-b04c-c5c912e30e96",
              "isHook": false,
              "skipped": false
            }
          ],
          "suites": [],
          "passes": [],
          "failures": [
            "98e2d640-85b7-41d8-b3f2-699107cce2fd"
          ],
          "pending": [],
          "skipped": [],
          "duration": 17246,
          "root": false,
          "rootEmpty": false,
          "_timeout": 2000
        }
      ],
      "passes": [],
      "failures": [],
      "pending": [],
      "skipped": [],
      "duration": 0,
      "root": true,
      "rootEmpty": true,
      "_timeout": 2000
    }
  ],
  "meta": {
    "mocha": {
      "version": "7.0.1"
    },
    "mochawesome": {
      "options": {
        "quiet": false,
        "reportFilename": "mochawesome",
        "saveHtml": true,
        "saveJson": true,
        "consoleReporter": "spec",
        "useInlineDiffs": false,
        "code": true
      },
      "version": "7.0.1"
    },
    "marge": {
      "options": {
        "charts": true,
        "overwrite": false,
        "html": true,
        "json": true,
        "reportDir": "cypress/report/mochawesome-report",
        "embeddedScreenshots": true,
        "inlineAssets": true,
        "pageLoadTimeout": 12000,
        "trashAssetsBeforeRuns": true,
        "defaultCommandTimeout": 20000
      },
      "version": "6.0.1"
    }
  }
}