{
  "stats": {
    "suites": 1,
    "tests": 2,
    "passes": 1,
    "pending": 0,
    "failures": 1,
    "start": "2022-02-03T06:13:43.037Z",
    "end": "2022-02-03T06:13:51.706Z",
    "duration": 8669,
    "testsRegistered": 2,
    "passPercent": 50,
    "pendingPercent": 0,
    "other": 0,
    "hasOther": false,
    "skipped": 0,
    "hasSkipped": false
  },
  "results": [
    {
      "uuid": "5b10c1f5-3423-4b86-8c8b-4b8a740407c7",
      "title": "",
      "fullFile": "cypress/integration/specs/Google-search.spec.js",
      "file": "cypress/integration/specs/Google-search.spec.js",
      "beforeHooks": [],
      "afterHooks": [],
      "tests": [],
      "suites": [
        {
          "uuid": "9a32246d-3ed8-406d-9bdc-cb237523267b",
          "title": "example to-do app",
          "fullFile": "",
          "file": "",
          "beforeHooks": [],
          "afterHooks": [],
          "tests": [
            {
              "title": "Navigates to google search and search for a car",
              "fullTitle": "example to-do app Navigates to google search and search for a car",
              "timedOut": null,
              "duration": 2342,
              "state": "passed",
              "speed": "fast",
              "pass": true,
              "fail": false,
              "pending": false,
              "context": null,
              "code": "cy.visit('https://www.google.com');\ncy.xpath('//*[@name=\"q\"]', {\n  timeout: 7000\n}).type(\"cars\");",
              "err": {},
              "uuid": "dfd0822f-5134-4bdd-a432-61a20dce2192",
              "parentUUID": "9a32246d-3ed8-406d-9bdc-cb237523267b",
              "isHook": false,
              "skipped": false
            },
            {
              "title": "Submits the search field and prints out the search number",
              "fullTitle": "example to-do app Submits the search field and prints out the search number",
              "timedOut": null,
              "duration": 3337,
              "state": "failed",
              "speed": null,
              "pass": false,
              "fail": true,
              "pending": false,
              "context": "{\n  \"title\": \"Screenshot\",\n  \"value\": \"/cypress/report/screenshots>/specs/Google-search.spec.js/example to-do app -- Submits the search field and prints out the search number (failed).png\"\n}",
              "code": "cy.xpath('//*[@name=\"q\"]', {\n  timeout: 7000\n}).type(\"{enter}\");\ncy.xpath('//div[@id=\"result-stats\"]').should($searchResult => {\n  const text = $searchResult.text();\n  cy.log(\"Search result is \" + $searchResult);\n  const arrayResult = text.split(' ');\n  cy.log(\"Search number is \" + arrayResult[0]);\n}); //end of should",
              "err": {
                "message": "TypeError: Cannot read properties of null (reading 'text')",
                "estack": "TypeError: Cannot read properties of null (reading 'text')\n    at Context.eval (https://www.google.com/__cypress/tests?p=cypress\\integration\\specs\\Google-search.spec.js:114:34)",
                "diff": null
              },
              "uuid": "acc08601-e54f-4bc7-b35f-979c2b02f23b",
              "parentUUID": "9a32246d-3ed8-406d-9bdc-cb237523267b",
              "isHook": false,
              "skipped": false
            }
          ],
          "suites": [],
          "passes": [
            "dfd0822f-5134-4bdd-a432-61a20dce2192"
          ],
          "failures": [
            "acc08601-e54f-4bc7-b35f-979c2b02f23b"
          ],
          "pending": [],
          "skipped": [],
          "duration": 5679,
          "root": false,
          "rootEmpty": false,
          "_timeout": 2000
        }
      ],
      "passes": [],
      "failures": [],
      "pending": [],
      "skipped": [],
      "duration": 0,
      "root": true,
      "rootEmpty": true,
      "_timeout": 2000
    }
  ],
  "meta": {
    "mocha": {
      "version": "7.0.1"
    },
    "mochawesome": {
      "options": {
        "quiet": false,
        "reportFilename": "mochawesome",
        "saveHtml": true,
        "saveJson": true,
        "consoleReporter": "spec",
        "useInlineDiffs": false,
        "code": true
      },
      "version": "7.0.1"
    },
    "marge": {
      "options": {
        "charts": true,
        "overwrite": false,
        "html": true,
        "json": true,
        "reportDir": "cypress/report/mochawesome-report"
      },
      "version": "6.0.1"
    }
  }
}