{
  "stats": {
    "suites": 1,
    "tests": 1,
    "passes": 1,
    "pending": 0,
    "failures": 0,
    "start": "2022-06-26T15:56:29.321Z",
    "end": "2022-06-26T15:58:44.205Z",
    "duration": 134884,
    "testsRegistered": 1,
    "passPercent": 100,
    "pendingPercent": 0,
    "other": 0,
    "hasOther": false,
    "skipped": 0,
    "hasSkipped": false
  },
  "results": [
    {
      "uuid": "31248d3e-2b4b-425d-bbc8-e51d3d029f0d",
      "title": "",
      "fullFile": "cypress/integration/specs/weightWatcher.spec.js",
      "file": "cypress/integration/specs/weightWatcher.spec.js",
      "beforeHooks": [],
      "afterHooks": [],
      "tests": [],
      "suites": [
        {
          "uuid": "9f06055f-0416-4677-ae69-c63d4a765da4",
          "title": "e2e test on weightWatcher",
          "fullFile": "",
          "file": "",
          "beforeHooks": [],
          "afterHooks": [],
          "tests": [
            {
              "title": "navigate to weight watcher,send zip code, capture name",
              "fullTitle": "e2e test on weightWatcher navigate to weight watcher,send zip code, capture name",
              "timedOut": null,
              "duration": 130576,
              "state": "passed",
              "speed": "slow",
              "pass": true,
              "fail": false,
              "pending": false,
              "context": "[\n  \"WW Studio @ American Legion Queens3.18 mi107-15 Metropolitan AvenueFOREST HILLS, NY 11375     Studio Workshops are availableVirtual Workshops are availableWW Products are not available\",\n  \"Studio Workshops schedule (in-person)SUN8:30 AMSILMARA R.10:00 AMSILMARA R.MONTUEWED11:30 AMCAROL ANN P.THUFRI12:30 PMCAROL ANN P.SAT7:30 AMCAROL ANN P.9:00 AMCAROL ANN P.10:30 AMJOHN B.\",\n  \"WW Studio @ American Legion Queens3.18 mi107-15 Metropolitan AvenueFOREST HILLS, NY 11375     Studio Workshops are availableVirtual Workshops are availableWW Products are not available\",\n  \"Studio Workshops schedule (in-person)SUN8:30 AMSILMARA R.10:00 AMSILMARA R.MONTUEWED11:30 AMCAROL ANN P.THUFRI12:30 PMCAROL ANN P.SAT7:30 AMCAROL ANN P.9:00 AMCAROL ANN P.10:30 AMJOHN B.\"\n]",
              "code": "let zipCode = [];\nzipCode.push('11214');\nzipCode.push('11763');\nfor (let i = 0; i < zipCode.length; i++) {\n  cy.visit('https://www.weightwatchers.com');\n  cy.viewport(1080, 720);\n  cy.xpath('//*[text()=\"Find a Workshop\"]', {\n    timeout: 4000\n  }).eq(0).click({\n    force: true\n  }); // cy.xpath('//*[text()=\"Virtual\"]',{timeout:4000}).click({ force: true });\n  cy.xpath('//*[@id=\"location-search\"]', {\n    timeout: 4000\n  }).click({\n    force: true\n  }); // cy.xpath('//*[@id=\"location-search\"]', { timeout: 4000 }).type(zipCode[i]);\n  cy.xpath('//input[@id=\"location-search\"]', {\n    timeout: 4000\n  }).type(\"11417\");\n  cy.xpath('//*[@id=\"location-search-cta\"]', {\n    timeout: 4000\n  }).click({\n    force: true\n  }); //*[@class=\"linkContainer-1NkqM\"]\n  cy.xpath('//*[@id=\"location-1252589\"]').eq(0).then($searchResult => {\n    const textResult = $searchResult.text();\n    cy.log(textResult);\n    cy.addContext(textResult);\n    cy.xpath('//*[@class=\"linkContainer-1NkqM\"]', {\n      timeout: 4000\n    }).eq(0).click({\n      force: true\n    });\n  }); //end of then\n  cy.scrollTo(0, 200);\n  cy.xpath('//*[@id=\"studioWorkshopSchedule\"]').then($searchResult => {\n    const textResult = $searchResult.text();\n    cy.log(textResult);\n    cy.addContext(textResult);\n  }); //end of then\n} //end of loop",
              "err": {},
              "uuid": "e7c47ca2-c7ce-41f7-aef3-ba5737c89ce3",
              "parentUUID": "9f06055f-0416-4677-ae69-c63d4a765da4",
              "isHook": false,
              "skipped": false
            }
          ],
          "suites": [],
          "passes": [
            "e7c47ca2-c7ce-41f7-aef3-ba5737c89ce3"
          ],
          "failures": [],
          "pending": [],
          "skipped": [],
          "duration": 130576,
          "root": false,
          "rootEmpty": false,
          "_timeout": 2000
        }
      ],
      "passes": [],
      "failures": [],
      "pending": [],
      "skipped": [],
      "duration": 0,
      "root": true,
      "rootEmpty": true,
      "_timeout": 2000
    }
  ],
  "meta": {
    "mocha": {
      "version": "7.0.1"
    },
    "mochawesome": {
      "options": {
        "quiet": false,
        "reportFilename": "mochawesome",
        "saveHtml": true,
        "saveJson": true,
        "consoleReporter": "spec",
        "useInlineDiffs": false,
        "code": true
      },
      "version": "7.0.1"
    },
    "marge": {
      "options": {
        "charts": true,
        "overwrite": false,
        "html": true,
        "json": true,
        "reportDir": "cypress/report/mochawesome-report",
        "embeddedScreenshots": true,
        "inlineAssets": true,
        "pageLoadTimeout": 12000,
        "trashAssetsBeforeRuns": true,
        "defaultCommandTimeout": 20000
      },
      "version": "6.0.1"
    }
  }
}