{
  "stats": {
    "suites": 1,
    "tests": 2,
    "passes": 1,
    "pending": 0,
    "failures": 1,
    "start": "2022-02-03T06:06:52.088Z",
    "end": "2022-02-03T06:07:03.750Z",
    "duration": 11662,
    "testsRegistered": 2,
    "passPercent": 50,
    "pendingPercent": 0,
    "other": 0,
    "hasOther": false,
    "skipped": 0,
    "hasSkipped": false
  },
  "results": [
    {
      "uuid": "ed5449de-3587-4afe-897b-72322b910697",
      "title": "",
      "fullFile": "cypress/integration/specs/Google-search.spec.js",
      "file": "cypress/integration/specs/Google-search.spec.js",
      "beforeHooks": [],
      "afterHooks": [],
      "tests": [],
      "suites": [
        {
          "uuid": "f29deb5a-c3da-4e7a-b9f3-453faddd432f",
          "title": "example to-do app",
          "fullFile": "",
          "file": "",
          "beforeHooks": [],
          "afterHooks": [],
          "tests": [
            {
              "title": "Navigates to google search and search for a car",
              "fullTitle": "example to-do app Navigates to google search and search for a car",
              "timedOut": null,
              "duration": 2123,
              "state": "passed",
              "speed": "fast",
              "pass": true,
              "fail": false,
              "pending": false,
              "context": null,
              "code": "cy.visit('https://www.google.com');\ncy.xpath('//*[@name=\"q\"]', {\n  timeout: 7000\n}).type(\"cars\");",
              "err": {},
              "uuid": "68aa56e9-852d-4b5b-9e50-bc174244a266",
              "parentUUID": "f29deb5a-c3da-4e7a-b9f3-453faddd432f",
              "isHook": false,
              "skipped": false
            },
            {
              "title": "Submits the search field and prints out the search number",
              "fullTitle": "example to-do app Submits the search field and prints out the search number",
              "timedOut": null,
              "duration": 6853,
              "state": "failed",
              "speed": null,
              "pass": false,
              "fail": true,
              "pending": false,
              "context": "{\n  \"title\": \"Screenshot\",\n  \"value\": \"/cypress/report/screenshots>/specs/Google-search.spec.js/example to-do app -- Submits the search field and prints out the search number (failed).png\"\n}",
              "code": "cy.xpath('//*[@name=\"q\"]', {\n  timeout: 7000\n}).type(\"{enter}\");\ncy.xpath('//*[@id=\"result-stats\"]').should(searchResult => {\n  const text = searchResult.text();\n  cy.log(\"Search result is \" + $searchResult);\n  const arrayResult = text.split(' ');\n  cy.log(\"Search number is \" + arrayResult[0]);\n}); //end of should",
              "err": {
                "message": "ReferenceError: Timed out retrying after 4000ms: $searchResult is not defined",
                "estack": "ReferenceError: Timed out retrying after 4000ms: $searchResult is not defined\n    at Context.eval (https://www.google.com/__cypress/tests?p=cypress\\integration\\specs\\Google-search.spec.js:115:36)",
                "diff": null
              },
              "uuid": "659f382c-201e-494f-aa86-23284abd0631",
              "parentUUID": "f29deb5a-c3da-4e7a-b9f3-453faddd432f",
              "isHook": false,
              "skipped": false
            }
          ],
          "suites": [],
          "passes": [
            "68aa56e9-852d-4b5b-9e50-bc174244a266"
          ],
          "failures": [
            "659f382c-201e-494f-aa86-23284abd0631"
          ],
          "pending": [],
          "skipped": [],
          "duration": 8976,
          "root": false,
          "rootEmpty": false,
          "_timeout": 2000
        }
      ],
      "passes": [],
      "failures": [],
      "pending": [],
      "skipped": [],
      "duration": 0,
      "root": true,
      "rootEmpty": true,
      "_timeout": 2000
    }
  ],
  "meta": {
    "mocha": {
      "version": "7.0.1"
    },
    "mochawesome": {
      "options": {
        "quiet": false,
        "reportFilename": "mochawesome",
        "saveHtml": true,
        "saveJson": true,
        "consoleReporter": "spec",
        "useInlineDiffs": false,
        "code": true
      },
      "version": "7.0.1"
    },
    "marge": {
      "options": {
        "charts": true,
        "overwrite": false,
        "html": true,
        "json": true,
        "reportDir": "cypress/report/mochawesome-report"
      },
      "version": "6.0.1"
    }
  }
}