{
  "stats": {
    "suites": 1,
    "tests": 1,
    "passes": 1,
    "pending": 0,
    "failures": 0,
    "start": "2022-06-27T06:05:45.427Z",
    "end": "2022-06-27T06:08:11.547Z",
    "duration": 146120,
    "testsRegistered": 1,
    "passPercent": 100,
    "pendingPercent": 0,
    "other": 0,
    "hasOther": false,
    "skipped": 0,
    "hasSkipped": false
  },
  "results": [
    {
      "uuid": "c584252d-fe9d-4a57-96f8-807456600d9f",
      "title": "",
      "fullFile": "cypress/integration/specs/weightWatcher.spec.js",
      "file": "cypress/integration/specs/weightWatcher.spec.js",
      "beforeHooks": [],
      "afterHooks": [],
      "tests": [],
      "suites": [
        {
          "uuid": "eee0e466-b3ef-4b12-a65d-3c74788ce8b2",
          "title": "e2e test on weightWatcher",
          "fullFile": "",
          "file": "",
          "beforeHooks": [],
          "afterHooks": [],
          "tests": [
            {
              "title": "navigate to weight watcher,send zip code, capture name",
              "fullTitle": "e2e test on weightWatcher navigate to weight watcher,send zip code, capture name",
              "timedOut": null,
              "duration": 143042,
              "state": "passed",
              "speed": "slow",
              "pass": true,
              "fail": false,
              "pending": false,
              "context": "[\n  \"WW Studio @ American Legion Queens14.16 mi107-15 Metropolitan AvenueFOREST HILLS, NY 11375     Studio Workshops are availableVirtual Workshops are availableWW Products are not available\",\n  \"Studio Workshops schedule (in-person)SUN9:30 AMEMILY B.MON6:30 PMJENNIFER P.TUE10:00 AMTONI G.WEDTHUFRI10:15 AMFRANCES R.SAT8:30 AMTONI G.10:00 AMTONI G.\",\n  \"WW Studio @ American Legion Queens11.31 mi107-15 Metropolitan AvenueFOREST HILLS, NY 11375     Studio Workshops are availableVirtual Workshops are availableWW Products are not available\",\n  \"Studio Workshops schedule (in-person)SUN9:00 AMDONNA P.MONTUEWEDTHUFRISAT7:30 AMDONNA P.9:00 AMDONNA P.\",\n  \"WW Studio @ American Legion Queens9.60 mi107-15 Metropolitan AvenueFOREST HILLS, NY 11375     Studio Workshops are availableVirtual Workshops are availableWW Products are not available\",\n  \"Studio Workshops schedule (in-person)SUN10:30 AMSTEVEN H.MON12:15 PMRICARDO M.TUEWED9:00 AMRICARDO M.5:30 PMRICARDO M.THUFRI12:00 PMRICARDO M.SAT9:30 AMLISA S.11:00 AMLISA S.\"\n]",
              "code": "//define a array with zip code\nlet zipCode = [];\nzipCode.push('11214');\nzipCode.push('10472');\nzipCode.push('10009'); //create a for loop for iteration over the array multiple times and send values to weightWatcher\nfor (let i = 0; i < zipCode.length; i++) {\n  //navigate to weightWatcher\n  cy.visit('https://www.weightwatchers.com'); // click on find a workshop button using eg() and click method\n  cy.xpath('//*[text()=\"Find a Workshop\"]', {\n    timeout: 4000\n  }).eq(0).click({\n    force: true\n  }); // click on location search button\n  cy.xpath('//*[@id=\"location-search\"]', {\n    timeout: 4000\n  }).click({\n    force: true\n  }); //send zip code using array\n  cy.xpath('//*[@id=\"location-search\"]', {\n    timeout: 4000\n  }).type(zipCode[i]); // click on search button\n  cy.xpath('//*[@id=\"location-search-cta\"]', {\n    timeout: 4000\n  }).click({\n    force: true\n  }); // get the name of the first result storing in a variable using \"then\" method\n  cy.xpath('//*[@id=\"location-1252589\"]').eq(0).then($searchResult => {\n    const textResult = $searchResult.text(); // print out the result on log\n    cy.log(textResult); // print out the result for html report\n    cy.addContext(textResult); // click on the first result\n    cy.xpath('//*[@class=\"linkContainer-1NkqM\"]', {\n      timeout: 4000\n    }).eq(0).click({\n      force: true\n    });\n  }); //end of then\n  // scroll to bottom 200 pixel\n  cy.scrollTo(0, 200); // click on the schedule chart and print them using then method\n  cy.xpath('//*[@id=\"studioWorkshopSchedule\"]').then($searchResult2 => {\n    const textResult2 = $searchResult2.text();\n    cy.log(textResult2);\n    cy.addContext(textResult2);\n  }); //end of then\n} //end of loop",
              "err": {},
              "uuid": "534f3af1-382b-4b69-aa97-b1313bd8c4f3",
              "parentUUID": "eee0e466-b3ef-4b12-a65d-3c74788ce8b2",
              "isHook": false,
              "skipped": false
            }
          ],
          "suites": [],
          "passes": [
            "534f3af1-382b-4b69-aa97-b1313bd8c4f3"
          ],
          "failures": [],
          "pending": [],
          "skipped": [],
          "duration": 143042,
          "root": false,
          "rootEmpty": false,
          "_timeout": 2000
        }
      ],
      "passes": [],
      "failures": [],
      "pending": [],
      "skipped": [],
      "duration": 0,
      "root": true,
      "rootEmpty": true,
      "_timeout": 2000
    }
  ],
  "meta": {
    "mocha": {
      "version": "7.0.1"
    },
    "mochawesome": {
      "options": {
        "quiet": false,
        "reportFilename": "mochawesome",
        "saveHtml": true,
        "saveJson": true,
        "consoleReporter": "spec",
        "useInlineDiffs": false,
        "code": true
      },
      "version": "7.0.1"
    },
    "marge": {
      "options": {
        "charts": true,
        "overwrite": false,
        "html": true,
        "json": true,
        "reportDir": "cypress/report/mochawesome-report",
        "embeddedScreenshots": true,
        "inlineAssets": true,
        "pageLoadTimeout": 12000,
        "trashAssetsBeforeRuns": true,
        "defaultCommandTimeout": 20000
      },
      "version": "6.0.1"
    }
  }
}