{
  "stats": {
    "suites": 1,
    "tests": 1,
    "passes": 0,
    "pending": 0,
    "failures": 1,
    "start": "2022-02-03T05:49:35.277Z",
    "end": "2022-02-03T05:49:46.783Z",
    "duration": 11506,
    "testsRegistered": 1,
    "passPercent": 0,
    "pendingPercent": 0,
    "other": 0,
    "hasOther": false,
    "skipped": 0,
    "hasSkipped": false
  },
  "results": [
    {
      "uuid": "23bd475e-fd46-4a61-b6e1-576e144cf71e",
      "title": "",
      "fullFile": "cypress/integration/specs/Google-search.spec.js",
      "file": "cypress/integration/specs/Google-search.spec.js",
      "beforeHooks": [],
      "afterHooks": [],
      "tests": [],
      "suites": [
        {
          "uuid": "01a94cfe-868d-41cb-a79b-bed5a702ae79",
          "title": "example to-do app",
          "fullFile": "",
          "file": "",
          "beforeHooks": [],
          "afterHooks": [],
          "tests": [
            {
              "title": "Navigates to google search and search for a car",
              "fullTitle": "example to-do app Navigates to google search and search for a car",
              "timedOut": null,
              "duration": 8999,
              "state": "failed",
              "speed": null,
              "pass": false,
              "fail": true,
              "pending": false,
              "context": "{\n  \"title\": \"Screenshot\",\n  \"value\": \"/cypress/screenshots>/specs/Google-search.spec.js/example to-do app -- Navigates to google search and search for a car (failed).png\"\n}",
              "code": "cy.visit('https://www.google.com');\ncy.wait(3000);\ncy.xpath('//*[@name=\"@@q\"]').type(\"cars\");",
              "err": {
                "message": "AssertionError: Timed out retrying after 4000ms: Expected to find element: `//*[@name=\"@@q\"]`, but never found it.",
                "estack": "AssertionError: Timed out retrying after 4000ms: Expected to find element: `//*[@name=\"@@q\"]`, but never found it.\n    at Context.eval (https://www.google.com/__cypress/tests?p=cypress\\integration\\specs\\Google-search.spec.js:105:8)",
                "diff": null
              },
              "uuid": "fca84a50-beec-4ecd-be75-73380b8d17b5",
              "parentUUID": "01a94cfe-868d-41cb-a79b-bed5a702ae79",
              "isHook": false,
              "skipped": false
            }
          ],
          "suites": [],
          "passes": [],
          "failures": [
            "fca84a50-beec-4ecd-be75-73380b8d17b5"
          ],
          "pending": [],
          "skipped": [],
          "duration": 8999,
          "root": false,
          "rootEmpty": false,
          "_timeout": 2000
        }
      ],
      "passes": [],
      "failures": [],
      "pending": [],
      "skipped": [],
      "duration": 0,
      "root": true,
      "rootEmpty": true,
      "_timeout": 2000
    }
  ],
  "meta": {
    "mocha": {
      "version": "7.0.1"
    },
    "mochawesome": {
      "options": {
        "quiet": false,
        "reportFilename": "mochawesome",
        "saveHtml": true,
        "saveJson": true,
        "consoleReporter": "spec",
        "useInlineDiffs": false,
        "code": true
      },
      "version": "7.0.1"
    },
    "marge": {
      "options": {
        "charts": true,
        "overwrite": false,
        "html": true,
        "json": true,
        "reportDir": "cypress/report/mochawesome-report",
        "screenshotOnRunFailure": true
      },
      "version": "6.0.1"
    }
  }
}