{
  "stats": {
    "suites": 1,
    "tests": 1,
    "passes": 1,
    "pending": 0,
    "failures": 0,
    "start": "2022-02-03T05:38:07.222Z",
    "end": "2022-02-03T05:38:14.958Z",
    "duration": 7736,
    "testsRegistered": 1,
    "passPercent": 100,
    "pendingPercent": 0,
    "other": 0,
    "hasOther": false,
    "skipped": 0,
    "hasSkipped": false
  },
  "results": [
    {
      "uuid": "6cd1a16a-0f02-4b8d-9332-ec5a5cd2759b",
      "title": "",
      "fullFile": "cypress/integration/specs/Google-search.spec.js",
      "file": "cypress/integration/specs/Google-search.spec.js",
      "beforeHooks": [],
      "afterHooks": [],
      "tests": [],
      "suites": [
        {
          "uuid": "5df876cc-f910-4523-89e2-d4ec2335045f",
          "title": "example to-do app",
          "fullFile": "",
          "file": "",
          "beforeHooks": [],
          "afterHooks": [],
          "tests": [
            {
              "title": "Navigates to google search and search for a car",
              "fullTitle": "example to-do app Navigates to google search and search for a car",
              "timedOut": null,
              "duration": 5318,
              "state": "passed",
              "speed": "medium",
              "pass": true,
              "fail": false,
              "pending": false,
              "context": null,
              "code": "cy.visit('https://www.google.com');\ncy.wait(3000);\ncy.xpath('//*[@name=\"q\"]').type(\"cars\");",
              "err": {},
              "uuid": "aea64041-404d-4325-9083-abaab3f21d87",
              "parentUUID": "5df876cc-f910-4523-89e2-d4ec2335045f",
              "isHook": false,
              "skipped": false
            }
          ],
          "suites": [],
          "passes": [
            "aea64041-404d-4325-9083-abaab3f21d87"
          ],
          "failures": [],
          "pending": [],
          "skipped": [],
          "duration": 5318,
          "root": false,
          "rootEmpty": false,
          "_timeout": 2000
        }
      ],
      "passes": [],
      "failures": [],
      "pending": [],
      "skipped": [],
      "duration": 0,
      "root": true,
      "rootEmpty": true,
      "_timeout": 2000
    }
  ],
  "meta": {
    "mocha": {
      "version": "7.0.1"
    },
    "mochawesome": {
      "options": {
        "quiet": false,
        "reportFilename": "mochawesome",
        "saveHtml": true,
        "saveJson": true,
        "consoleReporter": "spec",
        "useInlineDiffs": false,
        "code": true
      },
      "version": "7.0.1"
    },
    "marge": {
      "options": {
        "charts": true,
        "overwrite": false,
        "html": true,
        "json": true,
        "reportDir": "cypress/report/mochawesome-report"
      },
      "version": "6.0.1"
    }
  }
}