{
  "stats": {
    "suites": 1,
    "tests": 1,
    "passes": 0,
    "pending": 0,
    "failures": 1,
    "start": "2022-06-26T15:16:53.066Z",
    "end": "2022-06-26T15:17:17.101Z",
    "duration": 24035,
    "testsRegistered": 1,
    "passPercent": 0,
    "pendingPercent": 0,
    "other": 0,
    "hasOther": false,
    "skipped": 0,
    "hasSkipped": false
  },
  "results": [
    {
      "uuid": "92cb35ec-0303-4e46-9a0f-2c303e10fe12",
      "title": "",
      "fullFile": "cypress/integration/specs/weightWatcher.spec.js",
      "file": "cypress/integration/specs/weightWatcher.spec.js",
      "beforeHooks": [],
      "afterHooks": [],
      "tests": [],
      "suites": [
        {
          "uuid": "fe26996a-7e19-4e48-b736-e04a2094038c",
          "title": "e2e test on weightWatcher",
          "fullFile": "",
          "file": "",
          "beforeHooks": [],
          "afterHooks": [],
          "tests": [
            {
              "title": "navigate to weight watcher,send zip code, capture name",
              "fullTitle": "e2e test on weightWatcher navigate to weight watcher,send zip code, capture name",
              "timedOut": null,
              "duration": 21042,
              "state": "failed",
              "speed": null,
              "pass": false,
              "fail": true,
              "pending": false,
              "context": null,
              "code": "let zipCode = [];\nzipCode.push('11214');\nzipCode.push('11763');\nfor (let i = 0; i < zipCode.length; i++) {\n  cy.visit('https://www.weightwatchers.com');\n  cy.viewport(1080, 720);\n  cy.xpath('//*[text()=\"Find a Workshop\"]', {\n    timeout: 4000\n  }).eq(0).click({\n    force: true\n  });\n  cy.xpath('//*[text()=\"Virtual\"]', {\n    timeout: 4000\n  }).click({\n    force: true\n  });\n  cy.xpath('//*[@id=\"coach-search\"]', {\n    timeout: 4000\n  }).click({\n    force: true\n  });\n  cy.xpath('//*[@id=\"coach-search\"]', {\n    timeout: 4000\n  }).type(zipCode[i]);\n  cy.xpath('//*[@class=\"filterIcon-3C9D4\"]', {\n    timeout: 4000\n  }).click({\n    force: true\n  }); // cy.xpath('//div[@id=\"result-stats\"]').then(($searchResult) => {\n  //   const textResult = $searchResult.text();\n  //   cy.log(textResult);\n  //   cy.addContext(textResult);\n  // })//end of then\n} //end of loop",
              "err": {
                "message": "TypeError: The following error originated from your application code, not from Cypress.\n\n  > Cannot set properties of undefined (setting 'status')\n\nWhen Cypress detects uncaught errors originating from your application it will automatically fail the current test.\n\nThis behavior is configurable, and you can choose to turn this off by listening to the `uncaught:exception` event.\n\nhttps://on.cypress.io/uncaught-exception-from-application",
                "estack": "TypeError: The following error originated from your application code, not from Cypress.\n\n  > Cannot set properties of undefined (setting 'status')\n\nWhen Cypress detects uncaught errors originating from your application it will automatically fail the current test.\n\nThis behavior is configurable, and you can choose to turn this off by listening to the `uncaught:exception` event.\n\nhttps://on.cypress.io/uncaught-exception-from-application\n    at i (https://www.weightwatchers.com/us/find-a-workshop/:24:12754)\n    at XMLHttpRequest.<anonymous> (https://www.weightwatchers.com/us/find-a-workshop/:24:13357)\n    at XMLHttpRequest.nrWrapper (https://www.weightwatchers.com/us/find-a-workshop/:24:23886)",
                "diff": null
              },
              "uuid": "b4749df6-c75f-4e5c-992e-e3d0a454ff1f",
              "parentUUID": "fe26996a-7e19-4e48-b736-e04a2094038c",
              "isHook": false,
              "skipped": false
            }
          ],
          "suites": [],
          "passes": [],
          "failures": [
            "b4749df6-c75f-4e5c-992e-e3d0a454ff1f"
          ],
          "pending": [],
          "skipped": [],
          "duration": 21042,
          "root": false,
          "rootEmpty": false,
          "_timeout": 2000
        }
      ],
      "passes": [],
      "failures": [],
      "pending": [],
      "skipped": [],
      "duration": 0,
      "root": true,
      "rootEmpty": true,
      "_timeout": 2000
    }
  ],
  "meta": {
    "mocha": {
      "version": "7.0.1"
    },
    "mochawesome": {
      "options": {
        "quiet": false,
        "reportFilename": "mochawesome",
        "saveHtml": true,
        "saveJson": true,
        "consoleReporter": "spec",
        "useInlineDiffs": false,
        "code": true
      },
      "version": "7.0.1"
    },
    "marge": {
      "options": {
        "charts": true,
        "overwrite": false,
        "html": true,
        "json": true,
        "reportDir": "cypress/report/mochawesome-report",
        "embeddedScreenshots": true,
        "inlineAssets": true,
        "pageLoadTimeout": 12000,
        "trashAssetsBeforeRuns": true,
        "defaultCommandTimeout": 20000
      },
      "version": "6.0.1"
    }
  }
}