{
  "stats": {
    "suites": 1,
    "tests": 1,
    "passes": 1,
    "pending": 0,
    "failures": 0,
    "start": "2022-06-26T15:51:15.214Z",
    "end": "2022-06-26T15:53:18.353Z",
    "duration": 123139,
    "testsRegistered": 1,
    "passPercent": 100,
    "pendingPercent": 0,
    "other": 0,
    "hasOther": false,
    "skipped": 0,
    "hasSkipped": false
  },
  "results": [
    {
      "uuid": "e041c5ba-5b0b-4240-9790-9fcacc037482",
      "title": "",
      "fullFile": "cypress/integration/specs/weightWatcher.spec.js",
      "file": "cypress/integration/specs/weightWatcher.spec.js",
      "beforeHooks": [],
      "afterHooks": [],
      "tests": [],
      "suites": [
        {
          "uuid": "5beb9888-0132-4198-85d6-6339b73d49d1",
          "title": "e2e test on weightWatcher",
          "fullFile": "",
          "file": "",
          "beforeHooks": [],
          "afterHooks": [],
          "tests": [
            {
              "title": "navigate to weight watcher,send zip code, capture name",
              "fullTitle": "e2e test on weightWatcher navigate to weight watcher,send zip code, capture name",
              "timedOut": null,
              "duration": 120534,
              "state": "passed",
              "speed": "slow",
              "pass": true,
              "fail": false,
              "pending": false,
              "context": "[\n  \"WW Studio @ American Legion Queens3.18 mi107-15 Metropolitan AvenueFOREST HILLS, NY 11375     Studio Workshops are availableVirtual Workshops are availableWW Products are not available\",\n  \"WW Studio @ American Legion Queens3.18 mi107-15 Metropolitan AvenueFOREST HILLS, NY 11375     Studio Workshops are availableVirtual Workshops are availableWW Products are not available\"\n]",
              "code": "let zipCode = [];\nzipCode.push('11214');\nzipCode.push('11763');\nfor (let i = 0; i < zipCode.length; i++) {\n  cy.visit('https://www.weightwatchers.com');\n  cy.viewport(1080, 720);\n  cy.xpath('//*[text()=\"Find a Workshop\"]', {\n    timeout: 4000\n  }).eq(0).click({\n    force: true\n  }); // cy.xpath('//*[text()=\"Virtual\"]',{timeout:4000}).click({ force: true });\n  cy.xpath('//*[@id=\"location-search\"]', {\n    timeout: 4000\n  }).click({\n    force: true\n  }); // cy.xpath('//*[@id=\"location-search\"]', { timeout: 4000 }).type(zipCode[i]);\n  cy.xpath('//input[@id=\"location-search\"]', {\n    timeout: 4000\n  }).type(\"11417\");\n  cy.xpath('//*[@id=\"location-search-cta\"]', {\n    timeout: 4000\n  }).click({\n    force: true\n  }); //*[@class=\"linkContainer-1NkqM\"]\n  cy.xpath('//*[@id=\"location-1252589\"]').eq(0).then($searchResult => {\n    const textResult = $searchResult.text();\n    cy.log(textResult);\n    cy.addContext(textResult);\n    cy.xpath('//*[@class=\"linkContainer-1NkqM\"]', {\n      timeout: 4000\n    }).eq(0).click({\n      force: true\n    });\n    cy.scrollTo(0, 200);\n  }); //end of then\n} //end of loop",
              "err": {},
              "uuid": "96e76d40-d734-4505-9825-b07068a463da",
              "parentUUID": "5beb9888-0132-4198-85d6-6339b73d49d1",
              "isHook": false,
              "skipped": false
            }
          ],
          "suites": [],
          "passes": [
            "96e76d40-d734-4505-9825-b07068a463da"
          ],
          "failures": [],
          "pending": [],
          "skipped": [],
          "duration": 120534,
          "root": false,
          "rootEmpty": false,
          "_timeout": 2000
        }
      ],
      "passes": [],
      "failures": [],
      "pending": [],
      "skipped": [],
      "duration": 0,
      "root": true,
      "rootEmpty": true,
      "_timeout": 2000
    }
  ],
  "meta": {
    "mocha": {
      "version": "7.0.1"
    },
    "mochawesome": {
      "options": {
        "quiet": false,
        "reportFilename": "mochawesome",
        "saveHtml": true,
        "saveJson": true,
        "consoleReporter": "spec",
        "useInlineDiffs": false,
        "code": true
      },
      "version": "7.0.1"
    },
    "marge": {
      "options": {
        "charts": true,
        "overwrite": false,
        "html": true,
        "json": true,
        "reportDir": "cypress/report/mochawesome-report",
        "embeddedScreenshots": true,
        "inlineAssets": true,
        "pageLoadTimeout": 12000,
        "trashAssetsBeforeRuns": true,
        "defaultCommandTimeout": 20000
      },
      "version": "6.0.1"
    }
  }
}